<?xml version="1.0" encoding="UTF-8"?>
<testsuite xmlns:xsi="http://www.w3.org/2001/XMLSchema-instance" xsi:noNamespaceSchemaLocation="https://maven.apache.org/surefire/maven-surefire-plugin/xsd/surefire-test-report.xsd" name="TestSuite" time="193.872" tests="4" errors="0" skipped="0" failures="1">
  <properties>
[...]
</properties>
  <testcase name="basePageNavigation" classname="Academy.HomePage" time="32.469"/>
  <testcase name="basePageNavigation" classname="Academy.HomePage" time="33.47"/>
  <testcase name="validateAppTitle" classname="Academy.validateTitle" time="26.063">
    <failure message="expected [FEATURED COURSES1] but found [FEATURED COURSES]" type="java.lang.AssertionError">java.lang.AssertionError: expected [FEATURED COURSES1] but found [FEATURED COURSES]
	at Academy.validateTitle.validateAppTitle(validateTitle.java:34)
</failure>
    <system-out><![CDATA[
*********** Popup Closed, Thread ID: 1 ***********

]]></system-out>
    <system-err><![CDATA[Jul 23, 2022 11:47:08 AM org.openqa.selenium.remote.ProtocolHandshake createSession
INFO: Detected dialect: W3C
]]></system-err>
  </testcase>
  <testcase name="validateAppNavBar" classname="Academy.validateNavigationBar" time="47.717"/>
</testsuite>