<?xml version="1.0" encoding="UTF-8"?>
<testng-results ignored="1" total="3" passed="1" failed="1" skipped="0">
  <reporter-output>
  </reporter-output>
  <suite started-at="2022-07-23T11:05:25 EDT" name="Project" finished-at="2022-07-23T11:08:01 EDT" duration-ms="156092">
    <groups>
      <group name="Regression">
        <method signature="validateNavigationBar.validateAppNavBar()[pri:0, instance:Academy.validateNavigationBar@25e2ab5a]" name="validateAppNavBar" class="Academy.validateNavigationBar"/>
        <method signature="validateTitle.validateAppTitle()[pri:0, instance:Academy.validateTitle@c055c54]" name="validateAppTitle" class="Academy.validateTitle"/>
      </group> <!-- Regression -->
      <group name="Smoke">
        <method signature="validateNavigationBar.validateAppNavBar()[pri:0, instance:Academy.validateNavigationBar@25e2ab5a]" name="validateAppNavBar" class="Academy.validateNavigationBar"/>
        <method signature="validateTitle.validateAppTitle()[pri:0, instance:Academy.validateTitle@c055c54]" name="validateAppTitle" class="Academy.validateTitle"/>
      </group> <!-- Smoke -->
    </groups>
    <test started-at="2022-07-23T11:05:25 EDT" name="Chrome Regression Test" finished-at="2022-07-23T11:08:01 EDT" duration-ms="156092">
      <class name="Academy.validateTitle">
        <test-method is-config="true" signature="setup(java.lang.String,java.lang.String,java.lang.String)[pri:0, instance:Academy.validateTitle@c055c54]" started-at="2022-07-23T11:05:25 EDT" name="setup" finished-at="2022-07-23T11:05:34 EDT" duration-ms="8916" status="PASS">
          <params>
            <param index="0">
              <value>
                <![CDATA[chrome]]>
              </value>
            </param>
            <param index="1">
              <value>
                <![CDATA[grid]]>
              </value>
            </param>
            <param index="2">
              <value>
                <![CDATA[56995]]>
              </value>
            </param>
          </params>
          <reporter-output>
          </reporter-output>
        </test-method> <!-- setup -->
        <test-method signature="validateAppTitle()[pri:0, instance:Academy.validateTitle@c055c54]" started-at="2022-07-23T11:05:34 EDT" name="validateAppTitle" finished-at="2022-07-23T11:07:11 EDT" duration-ms="97328" status="FAIL">
          <exception class="org.openqa.selenium.TimeoutException">
            <message>
              <![CDATA[Expected condition failed: waiting for visibility of all [] (tried for 20 second(s) with 500 milliseconds interval)
Build info: version: '3.141.59', revision: 'e82be7d358', time: '2018-11-14T08:17:03'
System info: host: 'DESKTOP-70F4JCP', ip: '192.168.1.23', os.name: 'Windows 10', os.arch: 'amd64', os.version: '10.0', java.version: '17.0.2'
Driver info: org.openqa.selenium.remote.RemoteWebDriver
Capabilities {acceptInsecureCerts: false, acceptSslCerts: true, browserName: chrome, browserVersion: 103.0.5060.114, chrome: {chromedriverVersion: 103.0.5060.53 (a1711811edd7..., userDataDir: /tmp/.com.google.Chrome.dHcWE0}, goog:chromeOptions: {debuggerAddress: localhost:40417}, javascriptEnabled: true, networkConnectionEnabled: false, pageLoadStrategy: normal, platform: LINUX, platformName: LINUX, proxy: Proxy(), se:cdp: ws://172.17.0.7:4444/sessio..., se:cdpVersion: 103.0.5060.114, se:vnc: ws://172.17.0.7:4444/sessio..., se:vncEnabled: true, se:vncLocalAddress: ws://172.17.0.7:7900, setWindowRect: true, strictFileInteractability: false, timeouts: {implicit: 0, pageLoad: 300000, script: 30000}, unhandledPromptBehavior: dismiss and notify, webauthn:extension:credBlob: true, webauthn:extension:largeBlob: true, webauthn:virtualAuthenticators: true}
Session ID: 38b5fafc4ad12dac7f10012a2f2b6bd7]]>
            </message>
            <full-stacktrace>
              <![CDATA[org.openqa.selenium.TimeoutException: Expected condition failed: waiting for visibility of all [] (tried for 20 second(s) with 500 milliseconds interval)
Build info: version: '3.141.59', revision: 'e82be7d358', time: '2018-11-14T08:17:03'
System info: host: 'DESKTOP-70F4JCP', ip: '192.168.1.23', os.name: 'Windows 10', os.arch: 'amd64', os.version: '10.0', java.version: '17.0.2'
Driver info: org.openqa.selenium.remote.RemoteWebDriver
Capabilities {acceptInsecureCerts: false, acceptSslCerts: true, browserName: chrome, browserVersion: 103.0.5060.114, chrome: {chromedriverVersion: 103.0.5060.53 (a1711811edd7..., userDataDir: /tmp/.com.google.Chrome.dHcWE0}, goog:chromeOptions: {debuggerAddress: localhost:40417}, javascriptEnabled: true, networkConnectionEnabled: false, pageLoadStrategy: normal, platform: LINUX, platformName: LINUX, proxy: Proxy(), se:cdp: ws://172.17.0.7:4444/sessio..., se:cdpVersion: 103.0.5060.114, se:vnc: ws://172.17.0.7:4444/sessio..., se:vncEnabled: true, se:vncLocalAddress: ws://172.17.0.7:7900, setWindowRect: true, strictFileInteractability: false, timeouts: {implicit: 0, pageLoad: 300000, script: 30000}, unhandledPromptBehavior: dismiss and notify, webauthn:extension:credBlob: true, webauthn:extension:largeBlob: true, webauthn:virtualAuthenticators: true}
Session ID: 38b5fafc4ad12dac7f10012a2f2b6bd7
at org.openqa.selenium.support.ui.WebDriverWait.timeoutException(WebDriverWait.java:95)
at org.openqa.selenium.support.ui.FluentWait.until(FluentWait.java:272)
at resources.base.get_Size(base.java:122)
at pageObjects.LandingPage.getPopupSize(LandingPage.java:47)
at Academy.validateTitle.validateAppTitle(validateTitle.java:28)
at java.base/jdk.internal.reflect.NativeMethodAccessorImpl.invoke0(Native Method)
at java.base/jdk.internal.reflect.NativeMethodAccessorImpl.invoke(NativeMethodAccessorImpl.java:77)
at java.base/jdk.internal.reflect.DelegatingMethodAccessorImpl.invoke(DelegatingMethodAccessorImpl.java:43)
at java.base/java.lang.reflect.Method.invoke(Method.java:568)
at org.testng.internal.MethodInvocationHelper.invokeMethod(MethodInvocationHelper.java:133)
at org.testng.internal.TestInvoker.invokeMethod(TestInvoker.java:598)
at org.testng.internal.TestInvoker.invokeTestMethod(TestInvoker.java:173)
at org.testng.internal.MethodRunner.runInSequence(MethodRunner.java:46)
at org.testng.internal.TestInvoker$MethodInvocationAgent.invoke(TestInvoker.java:824)
at org.testng.internal.TestInvoker.invokeTestMethods(TestInvoker.java:146)
at org.testng.internal.TestMethodWorker.invokeTestMethods(TestMethodWorker.java:146)
at org.testng.internal.TestMethodWorker.run(TestMethodWorker.java:128)
at java.base/java.util.ArrayList.forEach(ArrayList.java:1511)
at org.testng.TestRunner.privateRun(TestRunner.java:794)
at org.testng.TestRunner.run(TestRunner.java:596)
at org.testng.SuiteRunner.runTest(SuiteRunner.java:377)
at org.testng.SuiteRunner.runSequentially(SuiteRunner.java:371)
at org.testng.SuiteRunner.privateRun(SuiteRunner.java:332)
at org.testng.SuiteRunner.run(SuiteRunner.java:276)
at org.testng.SuiteRunnerWorker.runSuite(SuiteRunnerWorker.java:53)
at org.testng.SuiteRunnerWorker.run(SuiteRunnerWorker.java:96)
at org.testng.TestNG.runSuitesSequentially(TestNG.java:1212)
at org.testng.TestNG.runSuitesLocally(TestNG.java:1134)
at org.testng.TestNG.runSuites(TestNG.java:1063)
at org.testng.TestNG.run(TestNG.java:1031)
at org.testng.remote.AbstractRemoteTestNG.run(AbstractRemoteTestNG.java:115)
at org.testng.remote.RemoteTestNG.initAndRun(RemoteTestNG.java:251)
at org.testng.remote.RemoteTestNG.main(RemoteTestNG.java:77)
]]>
            </full-stacktrace>
          </exception> <!-- org.openqa.selenium.TimeoutException -->
          <reporter-output>
          </reporter-output>
        </test-method> <!-- validateAppTitle -->
        <test-method is-config="true" signature="teardown()[pri:0, instance:Academy.validateTitle@c055c54]" started-at="2022-07-23T11:07:14 EDT" name="teardown" finished-at="2022-07-23T11:07:14 EDT" duration-ms="242" status="PASS">
          <reporter-output>
          </reporter-output>
        </test-method> <!-- teardown -->
      </class> <!-- Academy.validateTitle -->
      <class name="Academy.validateNavigationBar">
        <test-method is-config="true" signature="setup(java.lang.String,java.lang.String,java.lang.String)[pri:0, instance:Academy.validateNavigationBar@25e2ab5a]" started-at="2022-07-23T11:07:14 EDT" name="setup" finished-at="2022-07-23T11:07:20 EDT" duration-ms="5240" status="PASS">
          <params>
            <param index="0">
              <value>
                <![CDATA[chrome]]>
              </value>
            </param>
            <param index="1">
              <value>
                <![CDATA[grid]]>
              </value>
            </param>
            <param index="2">
              <value>
                <![CDATA[56995]]>
              </value>
            </param>
          </params>
          <reporter-output>
          </reporter-output>
        </test-method> <!-- setup -->
        <test-method signature="validateAppNavBar()[pri:0, instance:Academy.validateNavigationBar@25e2ab5a]" started-at="2022-07-23T11:07:20 EDT" name="validateAppNavBar" finished-at="2022-07-23T11:08:01 EDT" duration-ms="41180" status="PASS">
          <reporter-output>
          </reporter-output>
        </test-method> <!-- validateAppNavBar -->
        <test-method is-config="true" signature="teardown()[pri:0, instance:Academy.validateNavigationBar@25e2ab5a]" started-at="2022-07-23T11:08:01 EDT" name="teardown" finished-at="2022-07-23T11:08:01 EDT" duration-ms="583" status="PASS">
          <reporter-output>
          </reporter-output>
        </test-method> <!-- teardown -->
      </class> <!-- Academy.validateNavigationBar -->
    </test> <!-- Chrome Regression Test -->
  </suite> <!-- Project -->
</testng-results>
